<?xml version="1.0" encoding="UTF-8"?>
<testsuite name="getBodyAlignmentDeviation()" tests="4" skipped="0" failures="0" errors="0" timestamp="2026-04-15T19:16:23.865Z" hostname="SALTY" time="0.003">
  <properties/>
  <testcase name="deviation magnitude increases the more hips deviate from the line" classname="com.android.example.camx.PoseAnalyzerTest$GetBodyAlignmentDeviation" time="0.0"/>
  <testcase name="returns positive value when hips are sagging (below the line)" classname="com.android.example.camx.PoseAnalyzerTest$GetBodyAlignmentDeviation" time="0.001"/>
  <testcase name="returns ~0 when body is perfectly straight" classname="com.android.example.camx.PoseAnalyzerTest$GetBodyAlignmentDeviation" time="0.0"/>
  <testcase name="returns negative value when hips are piked (above the line)" classname="com.android.example.camx.PoseAnalyzerTest$GetBodyAlignmentDeviation" time="0.001"/>
  <system-out><![CDATA[]]></system-out>
  <system-err><![CDATA[]]></system-err>
</testsuite>
