<?xml version="1.0" encoding="UTF-8"?>
<testsuite name="getAngle()" tests="6" skipped="0" failures="0" errors="0" timestamp="2026-04-15T19:16:23.837Z" hostname="SALTY" time="0.024">
  <properties/>
  <testcase name="returns 90° for a perfect right angle" classname="com.android.example.camx.PoseAnalyzerTest$GetAngle" time="0.012"/>
  <testcase name="returns 0° when all three points are at the same location" classname="com.android.example.camx.PoseAnalyzerTest$GetAngle" time="0.001"/>
  <testcase name="result is always in range [0, 180]" classname="com.android.example.camx.PoseAnalyzerTest$GetAngle" time="0.01"/>
  <testcase name="returns same angle regardless of arm order (symmetric)" classname="com.android.example.camx.PoseAnalyzerTest$GetAngle" time="0.0"/>
  <testcase name="returns ~45° for a 45-degree angle" classname="com.android.example.camx.PoseAnalyzerTest$GetAngle" time="0.0"/>
  <testcase name="returns 180° for a perfectly straight line" classname="com.android.example.camx.PoseAnalyzerTest$GetAngle" time="0.0"/>
  <system-out><![CDATA[]]></system-out>
  <system-err><![CDATA[]]></system-err>
</testsuite>
